<?xml version="1.0" encoding="UTF-8"?>
<!-- Generated by org.testng.reporters.JUnitReportReporter -->
<testsuite hostname="Muhammads-MBP.communityfibre.co.uk" failures="0" tests="3" name="Tests.LogInTest" time="6.726" errors="0" timestamp="2024-10-15T12:03:58 BST" skipped="0">
  <testcase classname="Tests.LogInTest" name="invalidLogIn" time="1.406"/>
  <testcase classname="Tests.LogInTest" name="validateResetPasswordLink" time="3.212">
    <system-out>
      <![CDATA[Please enter your username to identify your account to reset your password]]>
    </system-out>
  </testcase> <!-- validateResetPasswordLink -->
  <testcase classname="Tests.LogInTest" name="validLogInToApplication" time="2.108">
    <system-out>
      <![CDATA[App Title is:  OrangeHRM]]>
    </system-out>
  </testcase> <!-- validLogInToApplication -->
  <system-out>
    <![CDATA[Setting up the driver: running BaseClass browser setup
Log INFO: Browser is up and Running!! 
Running after class
Browser Closed!!
Setting up the driver: running BaseClass browser setup
Log INFO: Browser is up and Running!! 
Please enter your username to identify your account to reset your password
App Title is:  OrangeHRM
Running after class
Browser Closed!!
Setting up the driver: running BaseClass browser setup
Log INFO: Browser is up and Running!! 
Fake fname used isBeatris
Fake mname used isLittle
Fake lname used isGerhold
Fake usrname used isWilliam VonRueden
Running after class
Browser Closed!!]]>
  </system-out>
</testsuite> <!-- Tests.LogInTest -->
