<?xml version="1.0" encoding="UTF-8"?>
<!-- Generated by org.testng.reporters.JUnitReportReporter -->
<testsuite hostname="Muhammads-MBP.communityfibre.co.uk" failures="0" tests="1" name="Tests.AddNewUserTest" time="5.702" errors="0" timestamp="2024-10-15T12:03:58 BST" skipped="0">
  <testcase classname="Tests.AddNewUserTest" name="AddNewUserAdmin" time="5.702"/>
  <system-out>
    <![CDATA[Setting up the driver: running BaseClass browser setup
Log INFO: Browser is up and Running!! 
Running after class
Browser Closed!!
Setting up the driver: running BaseClass browser setup
Log INFO: Browser is up and Running!! 
Please enter your username to identify your account to reset your password
App Title is:  OrangeHRM
Running after class
Browser Closed!!
Setting up the driver: running BaseClass browser setup
Log INFO: Browser is up and Running!! 
Fake fname used isBeatris
Fake mname used isLittle
Fake lname used isGerhold
Fake usrname used isWilliam VonRueden
Running after class
Browser Closed!!]]>
  </system-out>
</testsuite> <!-- Tests.AddNewUserTest -->
